<?xml version="1.0" encoding="UTF-8"?>
<!-- Generated by org.testng.reporters.JUnitReportReporter -->
<testsuite skipped="0" hostname="TYSS" name="testscripts.TC_32_MobileNumberWith9Digit" tests="1" failures="0" timestamp="2021-12-16T17:03:12 IST" time="5.398" errors="0">
  <testcase name="MobileNumberWith9DigitTest" time="5.398" classname="testscripts.TC_32_MobileNumberWith9Digit"/>
  <system-out/>
</testsuite> <!-- testscripts.TC_32_MobileNumberWith9Digit -->
