<?xml version="1.0" encoding="UTF-8"?>
<!-- Generated by org.testng.reporters.JUnitReportReporter -->
<testsuite skipped="0" hostname="TYSS" name="testscripts.TC_09_FirstNameWithAllLettersInLowerCase" tests="1" failures="0" timestamp="2021-12-17T15:02:30 IST" time="1.865" errors="0">
  <testcase name="FirstNameWithAllLettersInLowerCaseTest" time="1.865" classname="testscripts.TC_09_FirstNameWithAllLettersInLowerCase"/>
  <system-out/>
</testsuite> <!-- testscripts.TC_09_FirstNameWithAllLettersInLowerCase -->
