<?xml version="1.0" encoding="UTF-8"?>
<!-- Generated by org.testng.reporters.JUnitReportReporter -->
<testsuite skipped="0" hostname="TYSS" name="CreateNewAccountTestScript.TC_46_CreateAccountAndCheckGettingOTPVerificationPageOrNot" tests="1" failures="0" timestamp="2021-12-17T15:50:54 IST" time="3.091" errors="0">
  <testcase name="CreateAccountAndCheckGettingOTPVerificationPageOrNotTest" time="3.091" classname="CreateNewAccountTestScript.TC_46_CreateAccountAndCheckGettingOTPVerificationPageOrNot"/>
  <system-out/>
</testsuite> <!-- CreateNewAccountTestScript.TC_46_CreateAccountAndCheckGettingOTPVerificationPageOrNot -->
