<?xml version="1.0" encoding="UTF-8"?>
<!-- Generated by org.testng.reporters.JUnitReportReporter -->
<testsuite skipped="0" hostname="TYSS" name="testscripts.TC_05_EnterFirstNameWithSpecialChar" tests="1" failures="0" timestamp="2021-12-15T10:22:11 IST" time="2.399" errors="0">
  <testcase name="EnterFirstNameWithSpecialCharTest" time="2.399" classname="testscripts.TC_05_EnterFirstNameWithSpecialChar"/>
  <system-out/>
</testsuite> <!-- testscripts.TC_05_EnterFirstNameWithSpecialChar -->
