<?xml version="1.0" encoding="UTF-8"?>
<!-- Generated by org.testng.reporters.JUnitReportReporter -->
<testsuite skipped="0" hostname="TYSS" name="testscripts.TC_22_EmailIdWithSpecialChar" tests="1" failures="0" timestamp="2021-12-15T17:08:44 IST" time="2.088" errors="0">
  <testcase name="EmailIdWithSpecialCharTest" time="2.088" classname="testscripts.TC_22_EmailIdWithSpecialChar"/>
  <system-out/>
</testsuite> <!-- testscripts.TC_22_EmailIdWithSpecialChar -->
