<?xml version="1.0" encoding="UTF-8"?>
<!-- Generated by org.testng.reporters.JUnitReportReporter -->
<testsuite skipped="0" hostname="TYSS" name="testscripts.TC_27_CreateAccWithoutEnteringEmailid" tests="1" failures="0" timestamp="2021-12-15T17:08:44 IST" time="1.872" errors="0">
  <testcase name="CreateAccWithoutEnteringEmailidTest" time="1.872" classname="testscripts.TC_27_CreateAccWithoutEnteringEmailid"/>
  <system-out/>
</testsuite> <!-- testscripts.TC_27_CreateAccWithoutEnteringEmailid -->
