<?xml version="1.0" encoding="UTF-8"?>
<!-- Generated by org.testng.reporters.JUnitReportReporter -->
<testsuite skipped="0" hostname="TYSS" name="testscripts.TC_03_EnterFirstNameMoreThan32Character" tests="1" failures="0" timestamp="2021-12-15T10:22:11 IST" time="1.918" errors="0">
  <testcase name="EnterFirstNameMoreThan32CharacterTest" time="1.918" classname="testscripts.TC_03_EnterFirstNameMoreThan32Character"/>
  <system-out/>
</testsuite> <!-- testscripts.TC_03_EnterFirstNameMoreThan32Character -->
