<?xml version="1.0" encoding="UTF-8"?>
<!-- Generated by org.testng.reporters.JUnitReportReporter -->
<testsuite skipped="0" hostname="TYSS" name="testscripts.TC_10_CreateAccWithoutEnteringFirstName" tests="1" failures="0" timestamp="2021-12-17T15:02:30 IST" time="2.934" errors="0">
  <testcase name="CreateAccWithoutEnteringFirstNameTest" time="2.934" classname="testscripts.TC_10_CreateAccWithoutEnteringFirstName"/>
  <system-out/>
</testsuite> <!-- testscripts.TC_10_CreateAccWithoutEnteringFirstName -->
