<?xml version="1.0" encoding="UTF-8"?>
<!-- Generated by org.testng.reporters.JUnitReportReporter -->
<testsuite skipped="0" hostname="TYSS" name="testscripts.TC_14_PanTextFieldWIthNumericValues" tests="1" failures="0" timestamp="2021-12-14T10:33:40 IST" time="3.662" errors="0">
  <testcase name="PanTextFieldWIthNumericValuesTest" time="3.662" classname="testscripts.TC_14_PanTextFieldWIthNumericValues"/>
  <system-out/>
</testsuite> <!-- testscripts.TC_14_PanTextFieldWIthNumericValues -->
