<?xml version="1.0" encoding="UTF-8"?>
<!-- Generated by org.testng.reporters.JUnitReportReporter -->
<testsuite skipped="0" hostname="TYSS" name="testscripts.TC_43_CreateNewAccountWithValidDetails" tests="1" failures="0" timestamp="2021-12-17T15:09:00 IST" time="3.258" errors="0">
  <testcase name="CreateNewAccountWithValidDetailsTest" time="3.258" classname="testscripts.TC_43_CreateNewAccountWithValidDetails"/>
  <system-out/>
</testsuite> <!-- testscripts.TC_43_CreateNewAccountWithValidDetails -->
