<?xml version="1.0" encoding="UTF-8"?>
<!-- Generated by org.testng.reporters.JUnitReportReporter -->
<testsuite skipped="0" hostname="TYSS" name="testscripts.TC_21_EnterValidEmailIdTextField" tests="1" failures="0" timestamp="2021-12-15T17:08:44 IST" time="2.935" errors="0">
  <testcase name="EnterValidEmailIdTextFieldTest" time="2.935" classname="testscripts.TC_21_EnterValidEmailIdTextField"/>
  <system-out/>
</testsuite> <!-- testscripts.TC_21_EnterValidEmailIdTextField -->
