<?xml version="1.0" encoding="UTF-8"?>
<!-- Generated by org.testng.reporters.JUnitReportReporter -->
<testsuite skipped="0" hostname="TYSS" name="testscripts.TC_31_MobileNumberWith11Digit" tests="1" failures="0" timestamp="2021-12-16T17:03:12 IST" time="1.522" errors="0">
  <testcase name="EnterValidMobileNumberInMobileNumbertextFieldTest" time="1.522" classname="testscripts.TC_31_MobileNumberWith11Digit"/>
  <system-out/>
</testsuite> <!-- testscripts.TC_31_MobileNumberWith11Digit -->
