<?xml version="1.0" encoding="UTF-8"?>
<!-- Generated by org.testng.reporters.JUnitReportReporter -->
<testsuite skipped="0" hostname="TYSS" name="testscripts.TC_17_CreateAccWithoutEnteringPannumber" tests="1" failures="0" timestamp="2021-12-14T10:33:40 IST" time="2.000" errors="0">
  <testcase name="CreateAccWithoutEnteringPannumberTest" time="2.000" classname="testscripts.TC_17_CreateAccWithoutEnteringPannumber"/>
  <system-out/>
</testsuite> <!-- testscripts.TC_17_CreateAccWithoutEnteringPannumber -->
