<?xml version="1.0" encoding="UTF-8"?>
<!-- Generated by org.testng.reporters.JUnitReportReporter -->
<testsuite skipped="0" hostname="TYSS" name="testscripts.TC_36_MobileNumberWithSpaces" tests="1" failures="0" timestamp="2021-12-16T17:03:12 IST" time="5.355" errors="0">
  <testcase name="MobileNumberWithSpacesTest" time="5.355" classname="testscripts.TC_36_MobileNumberWithSpaces"/>
  <system-out/>
</testsuite> <!-- testscripts.TC_36_MobileNumberWithSpaces -->
