<?xml version="1.0" encoding="UTF-8"?>
<!-- Generated by org.testng.reporters.JUnitReportReporter -->
<testsuite skipped="0" hostname="TYSS" name="testscripts.TC_16_PanTextFirldWithSpaces" tests="1" failures="0" timestamp="2021-12-14T10:33:40 IST" time="3.656" errors="0">
  <testcase name="PanTextFirldWithSpacesTest" time="3.656" classname="testscripts.TC_16_PanTextFirldWithSpaces"/>
  <system-out/>
</testsuite> <!-- testscripts.TC_16_PanTextFirldWithSpaces -->
