<?xml version="1.0" encoding="UTF-8"?>
<!-- Generated by org.testng.reporters.JUnitReportReporter -->
<testsuite skipped="0" hostname="TYSS" name="testscripts.TC_23_EmailIdWithAlphanumericValue" tests="1" failures="0" timestamp="2021-12-15T17:08:44 IST" time="1.783" errors="0">
  <testcase name="EmailIdWithAlphanumericValueTest" time="1.783" classname="testscripts.TC_23_EmailIdWithAlphanumericValue"/>
  <system-out/>
</testsuite> <!-- testscripts.TC_23_EmailIdWithAlphanumericValue -->
