<?xml version="1.0" encoding="UTF-8"?>
<!-- Generated by org.testng.reporters.JUnitReportReporter -->
<testsuite skipped="0" hostname="TYSS" name="testscripts.selectclassdemo" tests="1" failures="0" timestamp="2021-12-17T12:36:03 IST" time="20.815" errors="0">
  <testcase name="selectdemo" time="20.815" classname="testscripts.selectclassdemo"/>
  <system-out/>
</testsuite> <!-- testscripts.selectclassdemo -->
