<?xml version="1.0" encoding="UTF-8"?>
<!-- Generated by org.testng.reporters.JUnitReportReporter -->
<testsuite skipped="0" hostname="TYSS" name="testscripts.TC_08_FirstNameWithAllLettersInUpperCase" tests="1" failures="0" timestamp="2021-12-17T15:02:30 IST" time="2.737" errors="0">
  <testcase name="firstNameWithAllLettersInUpperCaseTest" time="2.737" classname="testscripts.TC_08_FirstNameWithAllLettersInUpperCase"/>
  <system-out/>
</testsuite> <!-- testscripts.TC_08_FirstNameWithAllLettersInUpperCase -->
