<?xml version="1.0" encoding="UTF-8"?>
<!-- Generated by org.testng.reporters.JUnitReportReporter -->
<testsuite skipped="0" hostname="TYSS" name="testscripts.TC_11_PanTextField" tests="1" failures="0" timestamp="2021-12-14T10:33:40 IST" time="2.011" errors="0">
  <testcase name="PanTextFieldTest" time="2.011" classname="testscripts.TC_11_PanTextField"/>
  <system-out/>
</testsuite> <!-- testscripts.TC_11_PanTextField -->
