<?xml version="1.0" encoding="UTF-8"?>
<!-- Generated by org.testng.reporters.JUnitReportReporter -->
<testsuite skipped="0" hostname="TYSS" name="OTPVerificationTestScript.TC_01_OTPVerificationPage" tests="1" failures="0" timestamp="2021-12-20T16:34:45 IST" time="3.009" errors="0">
  <testcase name="OTPVerificationPageTest" time="3.009" classname="OTPVerificationTestScript.TC_01_OTPVerificationPage"/>
  <system-out/>
</testsuite> <!-- OTPVerificationTestScript.TC_01_OTPVerificationPage -->
