<?xml version="1.0" encoding="UTF-8"?>
<!-- Generated by org.testng.reporters.JUnitReportReporter -->
<testsuite skipped="0" hostname="TYSS" name="testscripts.TC_42_CreateNewAccButton" tests="1" failures="0" timestamp="2021-12-17T15:09:00 IST" time="4.053" errors="0">
  <testcase name="CreateNewAccButtonTest" time="4.053" classname="testscripts.TC_42_CreateNewAccButton"/>
  <system-out/>
</testsuite> <!-- testscripts.TC_42_CreateNewAccButton -->
