<?xml version="1.0" encoding="UTF-8"?>
<!-- Generated by org.testng.reporters.JUnitReportReporter -->
<testsuite skipped="0" hostname="TYSS" name="testscripts.TC_07_FirstNameWithFirstLetterInUpperCase" tests="1" failures="0" timestamp="2021-12-13T17:35:10 IST" time="1.328" errors="0">
  <testcase name="FirstNameWithFirstLetterInUpperCaseTest" time="1.328" classname="testscripts.TC_07_FirstNameWithFirstLetterInUpperCase"/>
  <system-out/>
</testsuite> <!-- testscripts.TC_07_FirstNameWithFirstLetterInUpperCase -->
