<?xml version="1.0" encoding="UTF-8"?>
<!-- Generated by org.testng.reporters.JUnitReportReporter -->
<testsuite skipped="0" hostname="TYSS" name="CreateNewAccountTestScript.TC_42_CreateNewAccButton" tests="1" failures="0" timestamp="2021-12-17T15:50:54 IST" time="2.527" errors="0">
  <testcase name="CreateNewAccButtonTest" time="2.527" classname="CreateNewAccountTestScript.TC_42_CreateNewAccButton"/>
  <system-out/>
</testsuite> <!-- CreateNewAccountTestScript.TC_42_CreateNewAccButton -->
