<?xml version="1.0" encoding="UTF-8"?>
<!-- Generated by org.testng.reporters.JUnitReportReporter -->
<testsuite skipped="0" hostname="TYSS" name="testscripts.TC_18_CreateAccWithoutEnteringDOB" tests="1" failures="0" timestamp="2021-12-15T17:36:22 IST" time="2.121" errors="0">
  <testcase name="CreateAccWithoutEnteringDOBTest" time="2.121" classname="testscripts.TC_18_CreateAccWithoutEnteringDOB"/>
  <system-out/>
</testsuite> <!-- testscripts.TC_18_CreateAccWithoutEnteringDOB -->
