<?xml version="1.0" encoding="UTF-8"?>
<!-- Generated by org.testng.reporters.JUnitReportReporter -->
<testsuite skipped="0" hostname="TYSS" name="testscripts.TC_28_EnterMobileInTextField" tests="1" failures="0" timestamp="2021-12-16T17:03:12 IST" time="1.367" errors="0">
  <testcase name="EnterMobileinInTextFieldTest" time="1.367" classname="testscripts.TC_28_EnterMobileInTextField"/>
  <system-out/>
</testsuite> <!-- testscripts.TC_28_EnterMobileInTextField -->
