<?xml version="1.0" encoding="UTF-8"?>
<!-- Generated by org.testng.reporters.JUnitReportReporter -->
<testsuite skipped="0" hostname="TYSS" name="testscripts.TC_34_MobileNumberWithAlphabeticalChar" tests="1" failures="0" timestamp="2021-12-16T17:03:12 IST" time="5.388" errors="0">
  <testcase name="MobileNumberWithAlphabeticalCharTest" time="5.388" classname="testscripts.TC_34_MobileNumberWithAlphabeticalChar"/>
  <system-out/>
</testsuite> <!-- testscripts.TC_34_MobileNumberWithAlphabeticalChar -->
