<?xml version="1.0" encoding="UTF-8"?>
<!-- Generated by org.testng.reporters.JUnitReportReporter -->
<testsuite skipped="0" hostname="TYSS" name="testscripts.TC_35_MobileNumberWithSpecialChar" tests="1" failures="0" timestamp="2021-12-16T17:03:12 IST" time="5.419" errors="0">
  <testcase name="MobileNumberWithSpecialCharTest" time="5.419" classname="testscripts.TC_35_MobileNumberWithSpecialChar"/>
  <system-out/>
</testsuite> <!-- testscripts.TC_35_MobileNumberWithSpecialChar -->
