<?xml version="1.0" encoding="UTF-8"?>
<!-- Generated by org.testng.reporters.JUnitReportReporter -->
<testsuite skipped="0" hostname="TYSS" name="testscripts.TC_03_EnterFirstNameMoreThan32Character" tests="1" failures="0" timestamp="2021-12-17T15:02:30 IST" time="2.214" errors="0">
  <testcase name="EnterFirstNameMoreThan32CharacterTest" time="2.214" classname="testscripts.TC_03_EnterFirstNameMoreThan32Character"/>
  <system-out/>
</testsuite> <!-- testscripts.TC_03_EnterFirstNameMoreThan32Character -->
