<?xml version="1.0" encoding="UTF-8"?>
<!-- Generated by org.testng.reporters.JUnitReportReporter -->
<testsuite skipped="0" hostname="TYSS" name="testscripts.TC_02_EnterFirstName" tests="1" failures="0" timestamp="2021-12-15T10:22:11 IST" time="1.855" errors="0">
  <testcase name="enterFirstNameTest" time="1.855" classname="testscripts.TC_02_EnterFirstName"/>
  <system-out/>
</testsuite> <!-- testscripts.TC_02_EnterFirstName -->
