<?xml version="1.0" encoding="UTF-8"?>
<!-- Generated by org.testng.reporters.JUnitReportReporter -->
<testsuite skipped="0" hostname="TYSS" name="testscripts.TC_06_EnterFirstNameWithSpaces" tests="1" failures="0" timestamp="2021-12-13T17:35:10 IST" time="1.313" errors="0">
  <testcase name="EnterFirstNameWithSpacesTest" time="1.313" classname="testscripts.TC_06_EnterFirstNameWithSpaces"/>
  <system-out/>
</testsuite> <!-- testscripts.TC_06_EnterFirstNameWithSpaces -->
