<?xml version="1.0" encoding="UTF-8"?>
<!-- Generated by org.testng.reporters.JUnitReportReporter -->
<testsuite skipped="0" hostname="TYSS" name="testscripts.TC_12_PanWithOnlyChar" tests="1" failures="0" timestamp="2021-12-14T10:33:40 IST" time="3.552" errors="0">
  <testcase name="PanWithOnlyCharTest" time="3.552" classname="testscripts.TC_12_PanWithOnlyChar"/>
  <system-out/>
</testsuite> <!-- testscripts.TC_12_PanWithOnlyChar -->
